C:\Program Files\Microsoft Visual Studio\2022\Community\MSBuild\Microsoft\VC\v170\Microsoft.CppBuild.targets(517,5): warning MSB8028: The intermediate directory (Release\) contains files shared from another project (SFML.vcxproj).  This can lead to incorrect clean and rebuild behavior.
  Board.cpp
D:\CodingProjects\C++Projects\A-Star\SFML\Board.cpp(18,99): warning C4244: 'argument': conversion from 'int' to 'T', possible loss of data
          with
          [
              T=float
          ]
D:\CodingProjects\C++Projects\A-Star\SFML\Board.cpp(18,81): warning C4244: 'argument': conversion from 'int' to 'T', possible loss of data
          with
          [
              T=float
          ]
D:\CodingProjects\C++Projects\A-Star\SFML\Board.cpp(44,99): warning C4244: 'argument': conversion from 'int' to 'T', possible loss of data
          with
          [
              T=float
          ]
D:\CodingProjects\C++Projects\A-Star\SFML\Board.cpp(44,81): warning C4244: 'argument': conversion from 'int' to 'T', possible loss of data
          with
          [
              T=float
          ]
D:\CodingProjects\C++Projects\A-Star\SFML\Board.cpp(53,149): warning C4244: 'argument': conversion from 'int' to 'T', possible loss of data
          with
          [
              T=float
          ]
D:\CodingProjects\C++Projects\A-Star\SFML\Board.cpp(53,124): warning C4244: 'argument': conversion from 'int' to 'T', possible loss of data
          with
          [
              T=float
          ]
  main.cpp
D:\CodingProjects\C++Projects\A-Star\SFML\main.cpp(45,110): warning C4244: 'argument': conversion from 'T' to 'T', possible loss of data
          with
          [
              T=int
          ]
          and
          [
              T=float
          ]
D:\CodingProjects\C++Projects\A-Star\SFML\main.cpp(45,76): warning C4244: 'argument': conversion from 'T' to 'T', possible loss of data
          with
          [
              T=int
          ]
          and
          [
              T=float
          ]
D:\CodingProjects\C++Projects\A-Star\SFML\main.cpp(61,107): warning C4244: 'argument': conversion from 'int' to 'T', possible loss of data
          with
          [
              T=float
          ]
D:\CodingProjects\C++Projects\A-Star\SFML\main.cpp(61,92): warning C4244: 'argument': conversion from 'int' to 'T', possible loss of data
          with
          [
              T=float
          ]
D:\CodingProjects\C++Projects\A-Star\SFML\main.cpp(72,108): warning C4244: 'argument': conversion from 'int' to 'T', possible loss of data
          with
          [
              T=float
          ]
D:\CodingProjects\C++Projects\A-Star\SFML\main.cpp(72,93): warning C4244: 'argument': conversion from 'int' to 'T', possible loss of data
          with
          [
              T=float
          ]
D:\CodingProjects\C++Projects\A-Star\SFML\main.cpp(92,107): warning C4244: 'argument': conversion from 'int' to 'T', possible loss of data
          with
          [
              T=float
          ]
D:\CodingProjects\C++Projects\A-Star\SFML\main.cpp(92,92): warning C4244: 'argument': conversion from 'int' to 'T', possible loss of data
          with
          [
              T=float
          ]
  Node.cpp
  Pathfinding.cpp
D:\CodingProjects\C++Projects\A-Star\SFML\Pathfinding.cpp(143,195): warning C4244: 'argument': conversion from 'int' to 'T', possible loss of data
          with
          [
              T=float
          ]
D:\CodingProjects\C++Projects\A-Star\SFML\Pathfinding.cpp(143,157): warning C4244: 'argument': conversion from 'int' to 'T', possible loss of data
          with
          [
              T=float
          ]
D:\CodingProjects\C++Projects\A-Star\SFML\Pathfinding.cpp(206,137): warning C4244: 'argument': conversion from 'int' to 'T', possible loss of data
          with
          [
              T=float
          ]
D:\CodingProjects\C++Projects\A-Star\SFML\Pathfinding.cpp(206,113): warning C4244: 'argument': conversion from 'int' to 'T', possible loss of data
          with
          [
              T=float
          ]
  Tile.cpp
  Generating code
  Previous IPDB not found, fall back to full compilation.
  All 182 functions were compiled because no usable IPDB/IOBJ from previous compilation was found.
  Finished generating code
  SFML.vcxproj -> D:\CodingProjects\C++Projects\A-Star\Release\A-Star.exe
